0 info it worked if it ends with ok
1 verbose cli [ '/usr/local/Cellar/node/0.10.24/bin/node',
1 verbose cli   '/usr/local/bin/npm',
1 verbose cli   'install' ]
2 info using npm@1.3.21
3 info using node@v0.10.24
4 error install Couldn't read dependencies
5 error Error: Invalid name: "Ghost Shield"
5 error     at ensureValidName (/usr/local/Cellar/node/0.10.24/lib/node_modules/npm/node_modules/read-package-json/node_modules/normalize-package-data/lib/fixer.js:297:15)
5 error     at Object.module.exports.fixNameField (/usr/local/Cellar/node/0.10.24/lib/node_modules/npm/node_modules/read-package-json/node_modules/normalize-package-data/lib/fixer.js:201:5)
5 error     at /usr/local/Cellar/node/0.10.24/lib/node_modules/npm/node_modules/read-package-json/node_modules/normalize-package-data/lib/normalize.js:29:38
5 error     at Array.forEach (native)
5 error     at normalize (/usr/local/Cellar/node/0.10.24/lib/node_modules/npm/node_modules/read-package-json/node_modules/normalize-package-data/lib/normalize.js:28:15)
5 error     at final (/usr/local/Cellar/node/0.10.24/lib/node_modules/npm/node_modules/read-package-json/read-json.js:310:33)
5 error     at then (/usr/local/Cellar/node/0.10.24/lib/node_modules/npm/node_modules/read-package-json/read-json.js:124:33)
5 error     at /usr/local/Cellar/node/0.10.24/lib/node_modules/npm/node_modules/read-package-json/read-json.js:299:40
5 error     at fs.js:266:14
5 error     at /usr/local/Cellar/node/0.10.24/lib/node_modules/npm/node_modules/graceful-fs/graceful-fs.js:103:5
6 error If you need help, you may report this *entire* log,
6 error including the npm and node versions, at:
6 error     <http://github.com/isaacs/npm/issues>
7 error System Darwin 13.1.0
8 error command "/usr/local/Cellar/node/0.10.24/bin/node" "/usr/local/bin/npm" "install"
9 error cwd /Users/joshuamaxwell/jobs/ghost-shield
10 error node -v v0.10.24
11 error npm -v 1.3.21
12 verbose exit [ 1, true ]
